<?xml version='1.0' encoding='UTF-8' ?>
<testsuite name="com.example.app_educacion.ExampleInstrumentedTest" tests="5" failures="1" errors="0" skipped="0" time="26.444" timestamp="2025-01-08T22:02:09" hostname="localhost">
  <properties>
    <property name="device" value="Pixel_7_Pro_API_35(AVD) - 15" />
    <property name="flavor" value="" />
    <property name="project" value=":app" />
  </properties>
  <testcase name="testImageButton1Click" classname="com.example.app_educacion.ExampleInstrumentedTest" time="8.996" />
  <testcase name="testImageButton2Click" classname="com.example.app_educacion.ExampleInstrumentedTest" time="2.762" />
  <testcase name="testImageButton3Click" classname="com.example.app_educacion.ExampleInstrumentedTest" time="2.196" />
  <testcase name="testImageButton4Click" classname="com.example.app_educacion.ExampleInstrumentedTest" time="5.477">
    <failure>androidx.test.espresso.PerformException: Error performing 'single click' on view 'Animations or transitions are enabled on the target device.
For more info check: https://developer.android.com/training/testing/espresso/setup#set-up-environment

view.getId() is &lt;2131362055/com.example.app_educacion:id/imageButton4&gt;'.
at androidx.test.espresso.PerformException$Builder.build(PerformException.java:86)
at androidx.test.espresso.base.PerformExceptionHandler.handleSafely(PerformExceptionHandler.java:56)
at androidx.test.espresso.base.PerformExceptionHandler.handleSafely(PerformExceptionHandler.java:31)
at androidx.test.espresso.base.DefaultFailureHandler$TypedFailureHandler.handle(DefaultFailureHandler.java:158)
at androidx.test.espresso.base.DefaultFailureHandler.handle(DefaultFailureHandler.java:120)
at androidx.test.espresso.ViewInteraction.waitForAndHandleInteractionResults(ViewInteraction.java:385)
at androidx.test.espresso.ViewInteraction.desugaredPerform(ViewInteraction.java:212)
at androidx.test.espresso.ViewInteraction.perform(ViewInteraction.java:140)
at com.example.app_educacion.ExampleInstrumentedTest.testImageButton4Click(ExampleInstrumentedTest.kt:69)
... 33 trimmed
Caused by: java.lang.RuntimeException: Action will not be performed because the target view does not match one or more of the following constraints:
(view has effective visibility &lt;VISIBLE&gt; and view.getGlobalVisibleRect() covers at least &lt;90&gt; percent of the view's area)
Target view: "AppCompatImageView{id=2131362055, res-name=imageButton4, visibility=VISIBLE, width=818, height=1147, has-focus=false, has-focusable=false, has-window-focus=true, is-clickable=false, is-enabled=true, is-focused=false, is-focusable=false, is-layout-requested=false, is-selected=false, layout-params=android.widget.RelativeLayout$LayoutParams&#64;YYYYYY, tag=null, root-is-layout-requested=false, has-input-connection=false, x=0.0, y=0.0}"
at androidx.test.espresso.ViewInteraction.doPerform(ViewInteraction.java:287)
at androidx.test.espresso.ViewInteraction.access$300(ViewInteraction.java:70)
at androidx.test.espresso.ViewInteraction$1.call(ViewInteraction.java:193)
at androidx.test.espresso.ViewInteraction$1.call(ViewInteraction.java:182)
at java.util.concurrent.FutureTask.run(FutureTask.java:264)
at android.os.Handler.handleCallback(Handler.java:959)
at android.os.Handler.dispatchMessage(Handler.java:100)
at android.os.Looper.loopOnce(Looper.java:232)
at android.os.Looper.loop(Looper.java:317)
at android.app.ActivityThread.main(ActivityThread.java:8705)
at java.lang.reflect.Method.invoke(Native Method)
at com.android.internal.os.RuntimeInit$MethodAndArgsCaller.run(RuntimeInit.java:580)
at com.android.internal.os.ZygoteInit.main(ZygoteInit.java:886)
</failure>
  </testcase>
  <testcase name="testLoginSuccess" classname="com.example.app_educacion.ExampleInstrumentedTest" time="1.494" />
</testsuite>